2020-04-28 18:00:36 INFO  APIFrameworkDriver:519 - ....processing POST Request....
2020-04-28 18:00:36 INFO  PageForPostRequest:43 - ....initialising headers......
2020-04-28 18:00:36 INFO  PageForPostRequest:52 - .......headers initialisation done.......
2020-04-28 18:00:36 INFO  PageForPostRequest:181 - .......creating json string.......
2020-04-28 18:00:36 INFO  PageForPostRequest:188 - .......json string created.......
2020-04-28 18:00:36 INFO  APIFrameworkDriver:535 - JSON is:
{
"channelId": 33,
"password":"Welcome$$3",
"username": "USER4"
}

2020-04-28 18:00:36 INFO  PageForPostRequest:443 - .......POST Request is fired to get Access Token in cookie.......
2020-04-28 18:00:39 INFO  PageForPostRequest:397 - .........verifying POST success.....
2020-04-28 18:00:39 INFO  PageForPostRequest:418 - ...POST Request successed
2020-04-28 18:00:39 INFO  APIFrameworkDriver:551 - .............POST Request Processed..................
2020-04-28 18:00:39 INFO  APIFrameworkDriver:580 - ....processing GET Request....
2020-04-28 18:00:39 INFO  PageForGetRequest:161 - ....initialising headers......
2020-04-28 18:00:39 INFO  PageForGetRequest:170 - .......headers initialisation done.......
2020-04-28 18:00:39 INFO  PageForGetRequest:387 - .......GET Request is fired for All........
2020-04-28 18:00:40 INFO  PageForGetRequest:395 - .....GET Request has been processed
2020-04-28 18:00:40 INFO  PageForGetRequest:47 - .........verifying GET success.....
2020-04-28 18:00:40 INFO  PageForGetRequest:70 - ...GET Request not successed
2020-04-28 18:00:41 INFO  APIFrameworkDriver:619 - ....GET Request Processed....
2020-04-28 18:00:41 INFO  APIFrameworkDriver:580 - ....processing GET Request....
2020-04-28 18:00:41 INFO  PageForGetRequest:161 - ....initialising headers......
2020-04-28 18:00:41 INFO  PageForGetRequest:170 - .......headers initialisation done.......
2020-04-28 18:00:41 INFO  PageForGetRequest:402 - .......GET Request is fired for All........
2020-04-28 18:00:41 INFO  PageForGetRequest:411 - .....GET Request has been processed
2020-04-28 18:00:41 INFO  PageForGetRequest:47 - .........verifying GET success.....
2020-04-28 18:00:41 INFO  PageForGetRequest:57 - ...GET Request successed
2020-04-28 18:00:41 INFO  APIFrameworkDriver:619 - ....GET Request Processed....
2020-04-28 18:00:42 INFO  APIFrameworkDriver:580 - ....processing GET Request....
2020-04-28 18:00:42 INFO  PageForGetRequest:161 - ....initialising headers......
2020-04-28 18:00:42 INFO  PageForGetRequest:170 - .......headers initialisation done.......
2020-04-28 18:00:42 INFO  PageForGetRequest:418 - .......GET Request is fired for All........
2020-04-28 18:00:42 INFO  PageForGetRequest:426 - .....GET Request has been processed
2020-04-28 18:00:42 INFO  PageForGetRequest:47 - .........verifying GET success.....
2020-04-28 18:00:42 INFO  PageForGetRequest:70 - ...GET Request not successed
2020-04-28 18:00:42 INFO  APIFrameworkDriver:619 - ....GET Request Processed....
